<?xml version="1.0" encoding="UTF-8"?>
<!-- Generated by org.testng.reporters.JUnitXMLReporter -->
<testsuite hostname="Imtiaz" ignored="0" name="Free CRM App Test Cases" tests="5" failures="4" timestamp="10 Mar 2019 04:31:45 GMT" time="220.25" errors="0">
  <testcase name="loginPageTitleTest" time="0.057" classname="com.qa.crm.testcases.LoginPageTest">
    <failure type="java.lang.AssertionError" message="expected [#1 Free CRM software in the cloud for sales and service] but found [CRMPRO - CRM software for customer relationship management, sales, and support.]">
      <![CDATA[java.lang.AssertionError: expected [#1 Free CRM software in the cloud for sales and service] but found [CRMPRO - CRM software for customer relationship management, sales, and support.]
	at com.qa.crm.testcases.LoginPageTest.loginPageTitleTest(LoginPageTest.java:32)
... Removed 31 stack frames]]>
    </failure>
  </testcase> <!-- loginPageTitleTest -->
  <testcase name="verifyHomePageTitleTest" time="0.079" classname="com.qa.crm.testcases.HomePageTest">
    <failure type="java.lang.AssertionError" message="Home page title not matched expected [CRMPRO] but found [CRMPRO - CRM software for customer relationship management, sales, and support.]">
      <![CDATA[java.lang.AssertionError: Home page title not matched expected [CRMPRO] but found [CRMPRO - CRM software for customer relationship management, sales, and support.]
	at com.qa.crm.testcases.HomePageTest.verifyHomePageTitleTest(HomePageTest.java:38)
... Removed 30 stack frames]]>
    </failure>
  </testcase> <!-- verifyHomePageTitleTest -->
  <testcase name="loginTest" time="4.528" classname="com.qa.crm.testcases.LoginPageTest"/>
  <testcase name="verifyUserNameTest" time="0.072" classname="com.qa.crm.testcases.HomePageTest">
    <failure type="org.openqa.selenium.NoSuchFrameException" message="No frame element found by name or id mainpanel
Build info: version: &amp;apos;3.6.0&amp;apos;, revision: &amp;apos;6fbf3ec767&amp;apos;, time: &amp;apos;2017-09-27T15:28:36.4Z&amp;apos;
System info: host: &amp;apos;IMTIAZ&amp;apos;, ip: &amp;apos;192.168.1.128&amp;apos;, os.name: &amp;apos;Windows 8.1&amp;apos;, os.arch: &amp;apos;amd64&amp;apos;, os.version: &amp;apos;6.3&amp;apos;, java.version: &amp;apos;1.8.0_202&amp;apos;
Driver info: driver.version: unknown">
      <![CDATA[org.openqa.selenium.NoSuchFrameException: No frame element found by name or id mainpanel
Build info: version: '3.6.0', revision: '6fbf3ec767', time: '2017-09-27T15:28:36.4Z'
System info: host: 'IMTIAZ', ip: '192.168.1.128', os.name: 'Windows 8.1', os.arch: 'amd64', os.version: '6.3', java.version: '1.8.0_202'
Driver info: driver.version: unknown
	at org.openqa.selenium.remote.RemoteWebDriver$RemoteTargetLocator.frame(RemoteWebDriver.java:925)
	at org.openqa.selenium.support.events.EventFiringWebDriver$EventFiringTargetLocator.frame(EventFiringWebDriver.java:632)
	at com.qa.crm.util.TestUtil.switchToFrame(TestUtil.java:74)
	at com.qa.crm.testcases.HomePageTest.verifyUserNameTest(HomePageTest.java:43)
... Removed 25 stack frames]]>
    </failure>
  </testcase> <!-- verifyUserNameTest -->
  <testcase name="verifyContactsLinkTest" time="0.049" classname="com.qa.crm.testcases.HomePageTest">
    <failure type="org.openqa.selenium.NoSuchFrameException" message="No frame element found by name or id mainpanel
Build info: version: &amp;apos;3.6.0&amp;apos;, revision: &amp;apos;6fbf3ec767&amp;apos;, time: &amp;apos;2017-09-27T15:28:36.4Z&amp;apos;
System info: host: &amp;apos;IMTIAZ&amp;apos;, ip: &amp;apos;192.168.1.128&amp;apos;, os.name: &amp;apos;Windows 8.1&amp;apos;, os.arch: &amp;apos;amd64&amp;apos;, os.version: &amp;apos;6.3&amp;apos;, java.version: &amp;apos;1.8.0_202&amp;apos;
Driver info: driver.version: unknown">
      <![CDATA[org.openqa.selenium.NoSuchFrameException: No frame element found by name or id mainpanel
Build info: version: '3.6.0', revision: '6fbf3ec767', time: '2017-09-27T15:28:36.4Z'
System info: host: 'IMTIAZ', ip: '192.168.1.128', os.name: 'Windows 8.1', os.arch: 'amd64', os.version: '6.3', java.version: '1.8.0_202'
Driver info: driver.version: unknown
	at org.openqa.selenium.remote.RemoteWebDriver$RemoteTargetLocator.frame(RemoteWebDriver.java:925)
	at org.openqa.selenium.support.events.EventFiringWebDriver$EventFiringTargetLocator.frame(EventFiringWebDriver.java:632)
	at com.qa.crm.util.TestUtil.switchToFrame(TestUtil.java:74)
	at com.qa.crm.testcases.HomePageTest.verifyContactsLinkTest(HomePageTest.java:49)
... Removed 25 stack frames]]>
    </failure>
  </testcase> <!-- verifyContactsLinkTest -->
</testsuite> <!-- Free CRM App Test Cases -->
